On branch LA.BR.1.3.7.c26
Your branch is up to date with 'origin/LA.BR.1.3.7.c26'.

You have unmerged paths.
  (fix conflicts and run "git commit")
  (use "git merge --abort" to abort the merge)

Changes to be committed:
	modified:   Documentation/devicetree/bindings/clock/imx31-clock.txt
	modified:   Documentation/devicetree/bindings/pinctrl/marvell,armada-370-pinctrl.txt
	modified:   Documentation/devicetree/bindings/pinctrl/marvell,armada-xp-pinctrl.txt
	modified:   Documentation/devicetree/bindings/spi/spi_pl022.txt
	modified:   Documentation/filesystems/efivarfs.txt
	modified:   Documentation/kernel-parameters.txt
	modified:   Documentation/scsi/scsi_eh.txt
	modified:   Documentation/sysctl/fs.txt
	modified:   MAINTAINERS
	modified:   Makefile
	modified:   arch/alpha/include/asm/uaccess.h
	modified:   arch/arc/include/asm/cmpxchg.h
	modified:   arch/arc/include/asm/ptrace.h
	modified:   arch/arc/include/asm/uaccess.h
	modified:   arch/arc/kernel/signal.c
	modified:   arch/arc/kernel/stacktrace.c
	modified:   arch/arc/kernel/unaligned.c
	modified:   arch/arc/kernel/unwind.c
	modified:   arch/arc/mm/mmap.c
	modified:   arch/arc/mm/tlbex.S
	modified:   arch/arm/Makefile
	modified:   arch/arm/boot/compressed/head.S
	modified:   arch/arm/boot/dts/da850-evm.dts
	modified:   arch/arm/boot/dts/imx31.dtsi
	modified:   arch/arm/common/icst.c
	modified:   arch/arm/common/sa1111.c
	modified:   arch/arm/include/asm/cputype.h
	modified:   arch/arm/kernel/devtree.c
	modified:   arch/arm/kernel/entry-armv.S
	modified:   arch/arm/kernel/hw_breakpoint.c
	modified:   arch/arm/kernel/ptrace.c
	modified:   arch/arm/kernel/sys_oabi-compat.c
	modified:   arch/arm/mach-omap2/cpuidle34xx.c
	modified:   arch/arm/mach-omap2/sleep34xx.S
	modified:   arch/arm/mach-realview/include/mach/memory.h
	modified:   arch/arm/mach-socfpga/headsmp.S
	modified:   arch/arm/mach-ux500/pm.c
	modified:   arch/arm/mm/dma-mapping.c
	modified:   arch/arm/mm/mmap.c
	modified:   arch/arm/plat-orion/common.c
	modified:   arch/arm/xen/enlighten.c
	modified:   arch/arm64/Kconfig
	modified:   arch/arm64/include/asm/elf.h
	modified:   arch/arm64/include/asm/ptrace.h
	modified:   arch/arm64/include/asm/spinlock.h
	modified:   arch/arm64/include/uapi/asm/auxvec.h
	modified:   arch/arm64/include/uapi/asm/ptrace.h
	modified:   arch/arm64/kernel/debug-monitors.c
	modified:   arch/arm64/kernel/entry.S
	modified:   arch/arm64/kernel/head.S
	modified:   arch/arm64/kernel/ptrace.c
	modified:   arch/arm64/kernel/signal32.c
	modified:   arch/arm64/kernel/stacktrace.c
	modified:   arch/arm64/kernel/vdso/Makefile
	modified:   arch/arm64/mm/context.c
	modified:   arch/arm64/mm/init.c
	modified:   arch/arm64/mm/mmu.c
	modified:   arch/avr32/include/asm/uaccess.h
	modified:   arch/avr32/kernel/avr32_ksyms.c
	modified:   arch/avr32/lib/copy_user.S
	modified:   arch/avr32/mach-at32ap/pio.c
	modified:   arch/blackfin/include/asm/uaccess.h
	modified:   arch/c6x/kernel/ptrace.c
	modified:   arch/cris/boot/rescue/Makefile
	modified:   arch/cris/include/asm/uaccess.h
	modified:   arch/frv/include/asm/uaccess.h
	modified:   arch/frv/mm/elf-fdpic.c
	modified:   arch/hexagon/include/asm/uaccess.h
	modified:   arch/ia64/include/asm/uaccess.h
	modified:   arch/m32r/include/asm/uaccess.h
	modified:   arch/m32r/kernel/setup.c
	modified:   arch/m68k/include/asm/delay.h
	modified:   arch/m68k/include/asm/linkage.h
	modified:   arch/m68k/include/asm/uaccess_mm.h
	modified:   arch/m68k/lib/uaccess.c
	modified:   arch/metag/include/asm/atomic.h
	modified:   arch/metag/include/asm/cmpxchg_lnkget.h
	modified:   arch/metag/include/asm/uaccess.h
	modified:   arch/metag/kernel/ptrace.c
	modified:   arch/metag/lib/usercopy.c
	modified:   arch/microblaze/include/asm/uaccess.h
	modified:   arch/mips/ath79/early_printk.c
	modified:   arch/mips/cavium-octeon/octeon-memcpy.S
	modified:   arch/mips/configs/ip27_defconfig
	modified:   arch/mips/include/asm/branch.h
	modified:   arch/mips/include/asm/checksum.h
	modified:   arch/mips/include/asm/kvm_host.h
	modified:   arch/mips/include/asm/pgtable.h
	modified:   arch/mips/include/asm/processor.h
	modified:   arch/mips/include/asm/ptrace.h
	modified:   arch/mips/include/asm/uaccess.h
	modified:   arch/mips/include/uapi/asm/siginfo.h
	modified:   arch/mips/kernel/branch.c
	modified:   arch/mips/kernel/crash.c
	modified:   arch/mips/kernel/kgdb.c
	modified:   arch/mips/kernel/mips-mt-fpaff.c
	modified:   arch/mips/kernel/process.c
	modified:   arch/mips/kernel/scall64-n32.S
	modified:   arch/mips/kernel/scall64-o32.S
	modified:   arch/mips/kernel/signal32.c
	modified:   arch/mips/kernel/syscall.c
	modified:   arch/mips/kvm/kvm_locore.S
	modified:   arch/mips/kvm/kvm_mips.c
	modified:   arch/mips/kvm/kvm_mips_emul.c
	modified:   arch/mips/kvm/kvm_mips_int.h
	modified:   arch/mips/kvm/kvm_tlb.c
	modified:   arch/mips/math-emu/cp1emu.c
	modified:   arch/mips/mm/dma-default.c
	modified:   arch/mips/mm/mmap.c
	modified:   arch/mips/mti-malta/malta-setup.c
	modified:   arch/mn10300/include/asm/uaccess.h
	modified:   arch/mn10300/lib/usercopy.c
	modified:   arch/openrisc/Kconfig
	modified:   arch/openrisc/include/asm/uaccess.h
	modified:   arch/parisc/include/asm/bitops.h
	modified:   arch/parisc/include/asm/uaccess.h
	modified:   arch/parisc/include/uapi/asm/bitsperlong.h
	modified:   arch/parisc/include/uapi/asm/mman.h
	modified:   arch/parisc/include/uapi/asm/siginfo.h
	modified:   arch/parisc/include/uapi/asm/swab.h
	modified:   arch/parisc/kernel/irq.c
	modified:   arch/parisc/kernel/parisc_ksyms.c
	modified:   arch/parisc/kernel/signal.c
	modified:   arch/parisc/kernel/syscall.S
	modified:   arch/parisc/kernel/traps.c
	modified:   arch/parisc/kernel/unaligned.c
	modified:   arch/powerpc/Makefile
	modified:   arch/powerpc/boot/ps3-head.S
	modified:   arch/powerpc/boot/ps3.c
	modified:   arch/powerpc/include/asm/atomic.h
	modified:   arch/powerpc/include/asm/cmpxchg.h
	modified:   arch/powerpc/include/asm/pgtable-ppc64.h
	modified:   arch/powerpc/include/asm/reg.h
	modified:   arch/powerpc/include/asm/rtas.h
	modified:   arch/powerpc/include/asm/synch.h
	modified:   arch/powerpc/include/asm/uaccess.h
	modified:   arch/powerpc/include/uapi/asm/cputable.h
	modified:   arch/powerpc/kernel/align.c
	modified:   arch/powerpc/kernel/exceptions-64s.S
	modified:   arch/powerpc/kernel/hw_breakpoint.c
	modified:   arch/powerpc/kernel/ibmebus.c
	modified:   arch/powerpc/kernel/idle_power7.S
	modified:   arch/powerpc/kernel/kprobes.c
	modified:   arch/powerpc/kernel/misc_32.S
	modified:   arch/powerpc/kernel/module_64.c
	modified:   arch/powerpc/kernel/nvram_64.c
	modified:   arch/powerpc/kernel/prom.c
	modified:   arch/powerpc/kernel/rtas.c
	modified:   arch/powerpc/kernel/setup_64.c
	modified:   arch/powerpc/kernel/signal_32.c
	modified:   arch/powerpc/kernel/signal_64.c
	modified:   arch/powerpc/kernel/vdso64/datapage.S
	modified:   arch/powerpc/kernel/vdso64/gettimeofday.S
	modified:   arch/powerpc/kvm/book3s_hv.c
	modified:   arch/powerpc/kvm/emulate.c
	modified:   arch/powerpc/lib/copyuser_64.S
	modified:   arch/powerpc/lib/sstep.c
	modified:   arch/powerpc/mm/slb_low.S
	modified:   arch/powerpc/mm/slice.c
	modified:   arch/powerpc/platforms/powernv/pci.c
	modified:   arch/powerpc/platforms/pseries/eeh_pseries.c
	modified:   arch/powerpc/platforms/pseries/iommu.c
	modified:   arch/powerpc/platforms/pseries/ras.c
	modified:   arch/powerpc/sysdev/fsl_msi.c
	modified:   arch/powerpc/sysdev/mpic_pasemi_msi.c
	modified:   arch/powerpc/sysdev/mpic_u3msi.c
	modified:   arch/powerpc/sysdev/ppc4xx_msi.c
	modified:   arch/s390/boot/compressed/misc.c
	modified:   arch/s390/include/asm/processor.h
	modified:   arch/s390/include/asm/syscall.h
	modified:   arch/s390/include/asm/uaccess.h
	modified:   arch/s390/kernel/sclp.S
	modified:   arch/s390/mm/extable.c
	modified:   arch/s390/mm/pgtable.c
	modified:   arch/s390/pci/pci_dma.c
	modified:   arch/score/include/asm/uaccess.h
	modified:   arch/sh/include/asm/uaccess.h
	modified:   arch/sh/include/asm/uaccess_64.h
	modified:   arch/sh/include/uapi/asm/unistd_64.h
	modified:   arch/sh/mm/mmap.c
	modified:   arch/sparc/crypto/aes_glue.c
	modified:   arch/sparc/crypto/camellia_glue.c
	modified:   arch/sparc/crypto/des_glue.c
	modified:   arch/sparc/include/asm/uaccess_32.h
	modified:   arch/sparc/include/asm/visasm.h
	modified:   arch/sparc/kernel/ptrace_64.c
	modified:   arch/sparc/kernel/sys_sparc_64.c
	modified:   arch/sparc/lib/NG4memcpy.S
	modified:   arch/sparc/lib/VISsave.S
	modified:   arch/sparc/lib/ksyms.c
	modified:   arch/sparc/mm/hugetlbpage.c
	modified:   arch/tile/kernel/ptrace.c
	modified:   arch/tile/kernel/setup.c
	modified:   arch/tile/kernel/time.c
	modified:   arch/tile/mm/hugetlbpage.c
	modified:   arch/um/os-Linux/start_up.c
	modified:   arch/x86/boot/Makefile
	modified:   arch/x86/boot/compressed/Makefile
	modified:   arch/x86/boot/compressed/head_32.S
	modified:   arch/x86/boot/compressed/head_64.S
	modified:   arch/x86/crypto/ghash-clmulni-intel_glue.c
	modified:   arch/x86/ia32/ia32entry.S
	modified:   arch/x86/include/asm/boot.h
	modified:   arch/x86/include/asm/elf.h
	modified:   arch/x86/include/asm/hugetlb.h
	modified:   arch/x86/include/asm/io.h
	modified:   arch/x86/include/asm/kvm_host.h
	modified:   arch/x86/include/asm/mmu_context.h
	modified:   arch/x86/include/asm/segment.h
	modified:   arch/x86/include/asm/tlbflush.h
	modified:   arch/x86/include/asm/uaccess.h
	modified:   arch/x86/include/asm/uaccess_64.h
	modified:   arch/x86/include/asm/xen/hypervisor.h
	modified:   arch/x86/include/uapi/asm/processor-flags.h
	modified:   arch/x86/kernel/acpi/sleep.c
	modified:   arch/x86/kernel/amd_nb.c
	modified:   arch/x86/kernel/apic/apic.c
	modified:   arch/x86/kernel/apm_32.c
	modified:   arch/x86/kernel/cpu/common.c
	modified:   arch/x86/kernel/cpu/mcheck/mce_amd.c
	modified:   arch/x86/kernel/cpu/perf_event.h
	modified:   arch/x86/kernel/cpu/perf_event_amd.c
	modified:   arch/x86/kernel/cpu/perf_event_intel.c
	modified:   arch/x86/kernel/cpu/perf_event_intel_ds.c
	modified:   arch/x86/kernel/entry_32.S
	modified:   arch/x86/kernel/entry_64.S
	modified:   arch/x86/kernel/ftrace.c
	modified:   arch/x86/kernel/head64.c
	modified:   arch/x86/kernel/head_32.S
	modified:   arch/x86/kernel/head_64.S
	modified:   arch/x86/kernel/ioport.c
	modified:   arch/x86/kernel/kprobes/core.c
	modified:   arch/x86/kernel/kvm.c
	modified:   arch/x86/kernel/paravirt.c
	modified:   arch/x86/kernel/process_64.c
	modified:   arch/x86/kernel/reboot.c
	modified:   arch/x86/kernel/setup.c
	modified:   arch/x86/kernel/signal.c
	modified:   arch/x86/kernel/sys_x86_64.c
	modified:   arch/x86/kernel/tsc.c
	modified:   arch/x86/kernel/verify_cpu.S
	modified:   arch/x86/kvm/emulate.c
	modified:   arch/x86/kvm/i8254.c
	modified:   arch/x86/kvm/lapic.h
	modified:   arch/x86/kvm/svm.c
	modified:   arch/x86/kvm/vmx.c
	modified:   arch/x86/kvm/x86.c
	modified:   arch/x86/mm/hugetlbpage.c
	modified:   arch/x86/mm/init.c
	modified:   arch/x86/mm/init_32.c
	modified:   arch/x86/mm/init_64.c
	modified:   arch/x86/mm/numa_32.c
	modified:   arch/x86/mm/pat.c
	modified:   arch/x86/mm/tlb.c
	modified:   arch/x86/net/bpf_jit_comp.c
	modified:   arch/x86/pci/acpi.c
	modified:   arch/x86/pci/xen.c
	modified:   arch/x86/platform/efi/efi.c
	modified:   arch/x86/platform/efi/efi_32.c
	modified:   arch/x86/platform/efi/efi_64.c
	modified:   arch/x86/platform/goldfish/goldfish.c
	modified:   arch/x86/um/asm/barrier.h
	modified:   arch/x86/xen/enlighten.c
	modified:   arch/x86/xen/mmu.c
	modified:   arch/x86/xen/suspend.c
	modified:   arch/x86/xen/time.c
	modified:   arch/xtensa/Makefile
	modified:   arch/xtensa/boot/Makefile
	modified:   arch/xtensa/include/asm/traps.h
	modified:   arch/xtensa/kernel/entry.S
	modified:   arch/xtensa/kernel/head.S
	modified:   arch/xtensa/kernel/setup.c
	modified:   arch/xtensa/kernel/syscall.c
	modified:   arch/xtensa/platforms/iss/console.c
	modified:   block/blk-cgroup.c
	modified:   block/blk-core.c
	modified:   block/bsg.c
	modified:   block/cfq-iosched.c
	modified:   block/genhd.c
	modified:   block/partitions/mac.c
	modified:   block/scsi_ioctl.c
	modified:   crypto/Makefile
	modified:   crypto/ablkcipher.c
	modified:   crypto/af_alg.c
	modified:   crypto/ahash.c
	modified:   crypto/algapi.c
	modified:   crypto/algif_hash.c
	modified:   crypto/api.c
	modified:   crypto/asymmetric_keys/rsa.c
	modified:   crypto/authenc.c
	modified:   crypto/authencesn.c
	modified:   crypto/ccm.c
	modified:   crypto/cryptd.c
	modified:   crypto/crypto_user.c
	modified:   crypto/gcm.c
	new file:   crypto/memneq.c
	modified:   crypto/scatterwalk.c
	modified:   crypto/shash.c
	modified:   drivers/acpi/Makefile
	modified:   drivers/acpi/acpica/dsmethod.c
	modified:   drivers/acpi/acpica/utxfinit.c
	modified:   drivers/acpi/apei/ghes.c
	modified:   drivers/acpi/osl.c
	modified:   drivers/acpi/pci_root.c
	modified:   drivers/acpi/power.c
	modified:   drivers/acpi/sysfs.c
	modified:   drivers/acpi/video.c
	modified:   drivers/ata/ahci.c
	modified:   drivers/ata/libahci.c
	modified:   drivers/ata/libata-core.c
	modified:   drivers/ata/libata-eh.c
	modified:   drivers/ata/libata-pmp.c
	modified:   drivers/ata/libata-scsi.c
	modified:   drivers/ata/libata-sff.c
	modified:   drivers/ata/sata_mv.c
	modified:   drivers/ata/sata_sil.c
	modified:   drivers/auxdisplay/ks0108.c
	modified:   drivers/base/devres.c
	modified:   drivers/base/firmware_class.c
	modified:   drivers/base/module.c
	modified:   drivers/base/platform.c
	modified:   drivers/base/power/domain.c
	modified:   drivers/base/regmap/regmap-debugfs.c
	modified:   drivers/base/regmap/regmap.c
	modified:   drivers/bcma/main.c
	modified:   drivers/block/drbd/drbd_main.c
	modified:   drivers/block/nbd.c
	modified:   drivers/block/paride/pd.c
	modified:   drivers/block/paride/pt.c
	modified:   drivers/block/rbd.c
	modified:   drivers/block/xen-blkback/common.h
	modified:   drivers/block/xen-blkfront.c
	modified:   drivers/bluetooth/btusb.c
	modified:   drivers/bluetooth/hci_vhci.c
	modified:   drivers/char/agp/intel-gtt.c
	modified:   drivers/char/hw_random/exynos-rng.c
	modified:   drivers/char/hw_random/omap-rng.c
	modified:   drivers/char/ipmi/ipmi_si_intf.c
	modified:   drivers/char/lp.c
	modified:   drivers/char/mem.c
	modified:   drivers/char/tpm/tpm_ibmvtpm.c
	modified:   drivers/char/virtio_console.c
	modified:   drivers/clk/clk-wm831x.c
	modified:   drivers/clk/versatile/clk-sp810.c
	modified:   drivers/clocksource/vt8500_timer.c
	modified:   drivers/connector/connector.c
	modified:   drivers/cpufreq/cpufreq.c
	modified:   drivers/cpufreq/cpufreq_conservative.c
	modified:   drivers/cpufreq/s3c2416-cpufreq.c
	modified:   drivers/cpuidle/cpuidle.c
	modified:   drivers/cpuidle/governors/menu.c
	modified:   drivers/crypto/caam/caamalg.c
	modified:   drivers/crypto/caam/caamhash.c
	modified:   drivers/crypto/caam/key_gen.c
	modified:   drivers/crypto/ixp4xx_crypto.c
	modified:   drivers/crypto/nx/nx.c
	modified:   drivers/crypto/talitos.c
	modified:   drivers/crypto/ux500/hash/hash_core.c
	modified:   drivers/dma/mv_xor.c
	modified:   drivers/dma/mv_xor.h
	modified:   drivers/edac/amd64_edac.c
	modified:   drivers/edac/edac_mc.c
	modified:   drivers/edac/edac_mc_sysfs.c
	modified:   drivers/edac/i7core_edac.c
	modified:   drivers/edac/ppc4xx_edac.c
	modified:   drivers/edac/sb_edac.c
	modified:   drivers/firewire/net.c
	modified:   drivers/firewire/ohci.c
	modified:   drivers/firmware/efi/efivars.c
	modified:   drivers/firmware/efi/vars.c
	modified:   drivers/gpio/gpio-mpc8xxx.c
	modified:   drivers/gpio/gpio-pca953x.c
	modified:   drivers/gpu/drm/ast/ast_drv.h
	modified:   drivers/gpu/drm/ast/ast_fb.c
	modified:   drivers/gpu/drm/ast/ast_main.c
	modified:   drivers/gpu/drm/ast/ast_mode.c
	modified:   drivers/gpu/drm/ast/ast_post.c
	modified:   drivers/gpu/drm/drm_crtc.c
	modified:   drivers/gpu/drm/drm_fb_helper.c
	modified:   drivers/gpu/drm/drm_lock.c
	modified:   drivers/gpu/drm/gma500/mdfld_dsi_pkg_sender.c
	modified:   drivers/gpu/drm/i915/intel_crt.c
	modified:   drivers/gpu/drm/i915/intel_display.c
	modified:   drivers/gpu/drm/nouveau/dispnv04/hw.c
	modified:   drivers/gpu/drm/nouveau/nouveau_gem.c
	modified:   drivers/gpu/drm/nouveau/nv50_display.c
	modified:   drivers/gpu/drm/qxl/qxl_cmd.c
	modified:   drivers/gpu/drm/qxl/qxl_draw.c
	modified:   drivers/gpu/drm/radeon/atombios_crtc.c
	modified:   drivers/gpu/drm/radeon/atombios_encoders.c
	modified:   drivers/gpu/drm/radeon/radeon_atombios.c
	modified:   drivers/gpu/drm/radeon/radeon_atpx_handler.c
	modified:   drivers/gpu/drm/radeon/radeon_combios.c
	modified:   drivers/gpu/drm/radeon/radeon_connectors.c
	modified:   drivers/gpu/drm/radeon/radeon_device.c
	modified:   drivers/gpu/drm/radeon/radeon_gart.c
	modified:   drivers/gpu/drm/radeon/radeon_irq_kms.c
	modified:   drivers/gpu/drm/radeon/radeon_legacy_crtc.c
	modified:   drivers/gpu/drm/radeon/radeon_sa.c
	modified:   drivers/gpu/drm/radeon/radeon_ttm.c
	modified:   drivers/gpu/drm/ttm/ttm_bo.c
	modified:   drivers/gpu/drm/vmwgfx/vmwgfx_drv.c
	modified:   drivers/gpu/drm/vmwgfx/vmwgfx_fifo.c
	modified:   drivers/gpu/drm/vmwgfx/vmwgfx_ioctl.c
	modified:   drivers/gpu/drm/vmwgfx/vmwgfx_surface.c
	modified:   drivers/gpu/vga/vgaarb.c
	modified:   drivers/hid/hid-core.c
	modified:   drivers/hid/hid-cypress.c
	modified:   drivers/hid/hid-input.c
	modified:   drivers/hid/hid-lg.c
	modified:   drivers/hid/i2c-hid/i2c-hid.c
	modified:   drivers/hid/usbhid/hid-core.c
	modified:   drivers/hid/usbhid/hiddev.c
	modified:   drivers/hv/channel.c
	modified:   drivers/hv/hv.c
	modified:   drivers/hv/hv_balloon.c
	modified:   drivers/hv/hv_util.c
	modified:   drivers/hv/hyperv_vmbus.h
	modified:   drivers/hv/vmbus_drv.c
	modified:   drivers/hwmon/adt7411.c
	modified:   drivers/hwmon/ds620.c
	modified:   drivers/hwmon/max1111.c
	modified:   drivers/hwmon/mcp3021.c
	modified:   drivers/i2c/busses/i2c-at91.c
	modified:   drivers/i2c/busses/i2c-cpm.c
	modified:   drivers/i2c/busses/i2c-eg20t.c
	modified:   drivers/i2c/busses/i2c-rcar.c
	modified:   drivers/i2c/i2c-core.c
	modified:   drivers/i2c/i2c-dev.c
	modified:   drivers/iio/accel/kxsd9.c
	modified:   drivers/iio/adc/ad7266.c
	modified:   drivers/iio/adc/ad7793.c
	modified:   drivers/iio/dac/ad5064.c
	modified:   drivers/iio/dac/ad5624r_spi.c
	modified:   drivers/iio/dac/mcp4725.c
	modified:   drivers/iio/imu/adis16480.c
	modified:   drivers/iio/imu/adis_buffer.c
	modified:   drivers/iio/industrialio-trigger.c
	modified:   drivers/infiniband/core/cm.c
	modified:   drivers/infiniband/core/cma.c
	modified:   drivers/infiniband/core/mad.c
	modified:   drivers/infiniband/core/multicast.c
	modified:   drivers/infiniband/core/ucm.c
	modified:   drivers/infiniband/core/ucma.c
	modified:   drivers/infiniband/core/uverbs.h
	modified:   drivers/infiniband/core/uverbs_cmd.c
	modified:   drivers/infiniband/core/uverbs_main.c
	modified:   drivers/infiniband/hw/cxgb3/iwch_cm.c
	modified:   drivers/infiniband/hw/mlx4/ah.c
	modified:   drivers/infiniband/hw/mlx4/cq.c
	modified:   drivers/infiniband/hw/mlx4/main.c
	modified:   drivers/infiniband/hw/mlx4/mcg.c
	modified:   drivers/infiniband/hw/mlx4/qp.c
	modified:   drivers/infiniband/hw/mlx4/sysfs.c
	modified:   drivers/infiniband/hw/qib/qib.h
	modified:   drivers/infiniband/hw/qib/qib_file_ops.c
	modified:   drivers/infiniband/hw/qib/qib_iba7322.c
	modified:   drivers/infiniband/hw/qib/qib_keys.c
	modified:   drivers/infiniband/hw/qib/qib_verbs.c
	modified:   drivers/infiniband/hw/qib/qib_verbs.h
	modified:   drivers/infiniband/hw/qib/qib_verbs_mcast.c
	modified:   drivers/infiniband/ulp/ipoib/ipoib.h
	modified:   drivers/infiniband/ulp/ipoib/ipoib_cm.c
	modified:   drivers/infiniband/ulp/ipoib/ipoib_ib.c
	modified:   drivers/infiniband/ulp/ipoib/ipoib_main.c
	modified:   drivers/infiniband/ulp/ipoib/ipoib_vlan.c
	modified:   drivers/infiniband/ulp/isert/ib_isert.c
	modified:   drivers/input/joydev.c
	modified:   drivers/input/joystick/iforce/iforce-usb.c
	modified:   drivers/input/keyboard/mpr121_touchkey.c
	modified:   drivers/input/keyboard/tca8418_keypad.c
	modified:   drivers/input/misc/ati_remote2.c
	modified:   drivers/input/misc/cm109.c
	modified:   drivers/input/misc/ims-pcu.c
	modified:   drivers/input/misc/max8997_haptic.c
	modified:   drivers/input/misc/uinput.c
	modified:   drivers/input/misc/yealink.c
	modified:   drivers/input/mouse/elantech.c
	modified:   drivers/input/serio/i8042-x86ia64io.h
	modified:   drivers/input/serio/i8042.c
	modified:   drivers/input/serio/libps2.c
	modified:   drivers/input/tablet/gtco.c
	modified:   drivers/input/tablet/hanwang.c
	modified:   drivers/input/tablet/kbtab.c
	modified:   drivers/input/touchscreen/ads7846.c
	modified:   drivers/input/touchscreen/ili210x.c
	modified:   drivers/input/touchscreen/usbtouchscreen.c
	modified:   drivers/input/touchscreen/wacom_w8001.c
	modified:   drivers/iommu/amd_iommu.c
	modified:   drivers/iommu/amd_iommu_types.h
	modified:   drivers/iommu/dmar.c
	modified:   drivers/iommu/intel_irq_remapping.c
	modified:   drivers/isdn/gigaset/bas-gigaset.c
	modified:   drivers/isdn/gigaset/ser-gigaset.c
	modified:   drivers/isdn/hardware/eicon/message.c
	modified:   drivers/isdn/hardware/mISDN/hfcpci.c
	modified:   drivers/isdn/hardware/mISDN/ipac.h
	modified:   drivers/isdn/hardware/mISDN/mISDNipac.c
	modified:   drivers/isdn/i4l/isdn_ppp.c
	modified:   drivers/isdn/mISDN/socket.c
	modified:   drivers/macintosh/windfarm_core.c
	modified:   drivers/md/bcache/super.c
	modified:   drivers/md/bitmap.c
	modified:   drivers/md/dm-cache-policy-cleaner.c
	modified:   drivers/md/dm-crypt.c
	modified:   drivers/md/dm-exception-store.h
	modified:   drivers/md/dm-flakey.c
	modified:   drivers/md/dm-mpath.c
	modified:   drivers/md/dm-raid.c
	modified:   drivers/md/dm-snap-persistent.c
	modified:   drivers/md/dm-snap-transient.c
	modified:   drivers/md/dm-snap.c
	modified:   drivers/md/dm-thin-metadata.c
	modified:   drivers/md/dm-thin.c
	modified:   drivers/md/dm.c
	modified:   drivers/md/linear.c
	modified:   drivers/md/linear.h
	modified:   drivers/md/md.c
	modified:   drivers/md/persistent-data/dm-btree-internal.h
	modified:   drivers/md/persistent-data/dm-btree-remove.c
	modified:   drivers/md/persistent-data/dm-btree-spine.c
	modified:   drivers/md/persistent-data/dm-btree.c
	modified:   drivers/md/persistent-data/dm-space-map-metadata.c
	modified:   drivers/md/raid1.c
	modified:   drivers/md/raid10.c
	modified:   drivers/md/raid5.c
	modified:   drivers/media/dvb-core/dvb_frontend.c
	modified:   drivers/media/dvb-frontends/af9013.c
	modified:   drivers/media/dvb-frontends/cx24116.c
	modified:   drivers/media/dvb-frontends/mb86a20s.c
	modified:   drivers/media/dvb-frontends/s5h1420.c
	modified:   drivers/media/dvb-frontends/stb6100.c
	modified:   drivers/media/dvb-frontends/tda1004x.c
	modified:   drivers/media/i2c/Kconfig
	modified:   drivers/media/pci/bt8xx/bttv-driver.c
	modified:   drivers/media/pci/saa7134/saa7134-alsa.c
	modified:   drivers/media/platform/davinci/vpfe_capture.c
	modified:   drivers/media/platform/s5p-mfc/s5p_mfc.c
	modified:   drivers/media/rc/imon.c
	modified:   drivers/media/rc/ite-cir.c
	modified:   drivers/media/rc/rc-main.c
	modified:   drivers/media/usb/cx231xx/cx231xx-avcore.c
	modified:   drivers/media/usb/cx231xx/cx231xx-cards.c
	modified:   drivers/media/usb/cx231xx/cx231xx-core.c
	modified:   drivers/media/usb/em28xx/em28xx-i2c.c
	modified:   drivers/media/usb/gspca/ov534.c
	modified:   drivers/media/usb/gspca/topro.c
	modified:   drivers/media/usb/pvrusb2/pvrusb2-eeprom.c
	modified:   drivers/media/usb/pwc/pwc-if.c
	modified:   drivers/media/usb/siano/smsusb.c
	modified:   drivers/media/usb/usbvision/usbvision-video.c
	modified:   drivers/media/usb/uvc/uvc_driver.c
	modified:   drivers/media/usb/uvc/uvc_queue.c
	modified:   drivers/media/v4l2-core/videobuf2-dma-contig.c
	modified:   drivers/mfd/mfd-core.c
	modified:   drivers/mfd/omap-usb-tll.c
	modified:   drivers/mfd/sm501.c
	modified:   drivers/misc/Kconfig
	modified:   drivers/misc/ad525x_dpot.c
	modified:   drivers/misc/c2port/c2port-duramar2150.c
	modified:   drivers/misc/mei/nfc.c
	modified:   drivers/mmc/card/mmc_test.c
	modified:   drivers/mmc/core/mmc.c
	modified:   drivers/mmc/host/mmci.c
	modified:   drivers/mmc/host/mxs-mmc.c
	modified:   drivers/mmc/host/sdhci-esdhc.h
	modified:   drivers/mmc/host/sdhci-pxav3.c
	modified:   drivers/mmc/host/ushc.c
	modified:   drivers/mtd/bcm47xxpart.c
	modified:   drivers/mtd/maps/dc21285.c
	modified:   drivers/mtd/maps/pmcmsp-flash.c
	modified:   drivers/mtd/mtd_blkdevs.c
	modified:   drivers/mtd/mtdpart.c
	modified:   drivers/mtd/nand/Kconfig
	modified:   drivers/mtd/nand/davinci_nand.c
	modified:   drivers/mtd/onenand/onenand_base.c
	modified:   drivers/mtd/ubi/build.c
	modified:   drivers/mtd/ubi/fastmap.c
	modified:   drivers/mtd/ubi/io.c
	modified:   drivers/mtd/ubi/upd.c
	modified:   drivers/mtd/ubi/vmt.c
	modified:   drivers/mtd/ubi/vtbl.c
	modified:   drivers/mtd/ubi/wl.c
	modified:   drivers/net/bonding/bond_main.c
	modified:   drivers/net/can/at91_can.c
	modified:   drivers/net/can/c_can/c_can_pci.c
	modified:   drivers/net/can/dev.c
	modified:   drivers/net/can/sja1000/sja1000.c
	modified:   drivers/net/can/ti_hecc.c
	modified:   drivers/net/can/usb/ems_usb.c
	modified:   drivers/net/can/usb/esd_usb2.c
	modified:   drivers/net/can/usb/peak_usb/pcan_usb_core.c
	modified:   drivers/net/can/usb/usb_8dev.c
	modified:   drivers/net/ethernet/atheros/alx/main.c
	modified:   drivers/net/ethernet/atheros/atl1c/atl1c_main.c
	modified:   drivers/net/ethernet/atheros/atlx/atl2.c
	modified:   drivers/net/ethernet/broadcom/bnx2x/bnx2x_ethtool.c
	modified:   drivers/net/ethernet/broadcom/tg3.c
	modified:   drivers/net/ethernet/brocade/bna/bnad.c
	modified:   drivers/net/ethernet/intel/igb/e1000_phy.c
	modified:   drivers/net/ethernet/jme.c
	modified:   drivers/net/ethernet/korina.c
	modified:   drivers/net/ethernet/marvell/mvneta.c
	modified:   drivers/net/ethernet/marvell/sky2.c
	modified:   drivers/net/ethernet/mellanox/mlx4/cmd.c
	modified:   drivers/net/ethernet/mellanox/mlx4/cq.c
	modified:   drivers/net/ethernet/mellanox/mlx4/en_netdev.c
	modified:   drivers/net/ethernet/mellanox/mlx4/en_rx.c
	modified:   drivers/net/ethernet/mellanox/mlx4/eq.c
	modified:   drivers/net/ethernet/mellanox/mlx4/icm.c
	modified:   drivers/net/ethernet/mellanox/mlx4/main.c
	modified:   drivers/net/ethernet/qlogic/qlge/qlge_dbg.c
	modified:   drivers/net/ethernet/qlogic/qlge/qlge_main.c
	modified:   drivers/net/ethernet/renesas/sh_eth.c
	modified:   drivers/net/ethernet/stmicro/stmmac/stmmac_ethtool.c
	modified:   drivers/net/ethernet/stmicro/stmmac/stmmac_main.c
	modified:   drivers/net/ethernet/ti/cpmac.c
	modified:   drivers/net/ethernet/xilinx/xilinx_emaclite.c
	modified:   drivers/net/hyperv/netvsc_drv.c
	modified:   drivers/net/irda/irtty-sir.c
	modified:   drivers/net/macvtap.c
	modified:   drivers/net/phy/broadcom.c
	modified:   drivers/net/phy/marvell.c
	modified:   drivers/net/phy/phy.c
	modified:   drivers/net/ppp/ppp_generic.c
	modified:   drivers/net/ppp/pppoe.c
	modified:   drivers/net/ppp/pptp.c
	modified:   drivers/net/rionet.c
	modified:   drivers/net/slip/slhc.c
	modified:   drivers/net/slip/slip.c
	modified:   drivers/net/team/team.c
	modified:   drivers/net/tun.c
	modified:   drivers/net/usb/asix_devices.c
	modified:   drivers/net/usb/catc.c
	modified:   drivers/net/usb/kaweth.c
	modified:   drivers/net/usb/pegasus.c
	modified:   drivers/net/usb/qmi_wwan.c
	modified:   drivers/net/usb/rtl8150.c
	modified:   drivers/net/usb/usbnet.c
	modified:   drivers/net/veth.c
	modified:   drivers/net/virtio_net.c
	modified:   drivers/net/vmxnet3/vmxnet3_drv.c
	modified:   drivers/net/vxlan.c
	modified:   drivers/net/wan/farsync.c
	modified:   drivers/net/wan/x25_asy.c
	modified:   drivers/net/wireless/ath/ath5k/led.c
	modified:   drivers/net/wireless/ath/ath5k/mac80211-ops.c
	modified:   drivers/net/wireless/ath/ath9k/ar9003_eeprom.h
	modified:   drivers/net/wireless/ath/ath9k/eeprom.c
	modified:   drivers/net/wireless/ath/ath9k/init.c
	modified:   drivers/net/wireless/ath/ath9k/main.c
	modified:   drivers/net/wireless/brcm80211/brcmfmac/wl_cfg80211.c
	modified:   drivers/net/wireless/brcm80211/brcmsmac/dma.c
	modified:   drivers/net/wireless/brcm80211/brcmsmac/stf.c
	modified:   drivers/net/wireless/hostap/hostap_hw.c
	modified:   drivers/net/wireless/iwlwifi/dvm/lib.c
	modified:   drivers/net/wireless/iwlwifi/mvm/d3.c
	modified:   drivers/net/wireless/iwlwifi/pcie/tx.c
	modified:   drivers/net/wireless/mac80211_hwsim.c
	modified:   drivers/net/wireless/mwifiex/cfg80211.c
	modified:   drivers/net/wireless/mwifiex/debugfs.c
	modified:   drivers/net/wireless/rtlwifi/base.c
	modified:   drivers/net/wireless/rtlwifi/rtl8192cu/sw.c
	modified:   drivers/net/wireless/rtlwifi/usb.c
	modified:   drivers/net/wireless/ti/wlcore/io.h
	modified:   drivers/net/wireless/ti/wlcore/spi.c
	modified:   drivers/net/xen-netback/common.h
	modified:   drivers/net/xen-netback/interface.c
	modified:   drivers/net/xen-netback/netback.c
	modified:   drivers/of/address.c
	modified:   drivers/parisc/iommu-helpers.h
	modified:   drivers/pci/hotplug/rpadlpar_core.c
	modified:   drivers/pci/pci-sysfs.c
	modified:   drivers/pci/pcie/aer/aerdrv.c
	modified:   drivers/pci/pcie/aer/aerdrv.h
	modified:   drivers/pci/pcie/aer/aerdrv_core.c
	modified:   drivers/pci/probe.c
	modified:   drivers/pci/quirks.c
	modified:   drivers/pci/xen-pcifront.c
	modified:   drivers/pcmcia/topic.h
	modified:   drivers/pinctrl/mvebu/pinctrl-armada-370.c
	modified:   drivers/pinctrl/mvebu/pinctrl-armada-xp.c
	modified:   drivers/pinctrl/sh-pfc/pinctrl.c
	modified:   drivers/platform/goldfish/pdev_bus.c
	modified:   drivers/platform/x86/acer-wmi.c
	modified:   drivers/platform/x86/hp-wmi.c
	modified:   drivers/platform/x86/intel_mid_powerbtn.c
	modified:   drivers/platform/x86/intel_scu_ipcutil.c
	modified:   drivers/pnp/pnpbios/bioscalls.c
	modified:   drivers/power/wm831x_power.c
	modified:   drivers/regulator/core.c
	modified:   drivers/regulator/tps65910-regulator.c
	modified:   drivers/remoteproc/remoteproc_debugfs.c
	modified:   drivers/rtc/interface.c
	modified:   drivers/rtc/rtc-s35390a.c
	modified:   drivers/rtc/rtc-vr41xx.c
	modified:   drivers/s390/block/dasd.c
	modified:   drivers/s390/block/dasd_alias.c
	modified:   drivers/s390/char/vmlogrdr.c
	modified:   drivers/s390/cio/qdio_thinint.c
	modified:   drivers/s390/net/qeth_l2_main.c
	modified:   drivers/s390/net/qeth_l3_main.c
	modified:   drivers/s390/scsi/zfcp_dbf.c
	modified:   drivers/s390/scsi/zfcp_dbf.h
	modified:   drivers/s390/scsi/zfcp_erp.c
	modified:   drivers/s390/scsi/zfcp_ext.h
	modified:   drivers/s390/scsi/zfcp_fc.h
	modified:   drivers/s390/scsi/zfcp_fsf.c
	modified:   drivers/s390/scsi/zfcp_fsf.h
	modified:   drivers/s390/scsi/zfcp_reqlist.h
	modified:   drivers/s390/scsi/zfcp_scsi.c
	modified:   drivers/scsi/3w-9xxx.c
	modified:   drivers/scsi/aacraid/commctrl.c
	modified:   drivers/scsi/aacraid/commsup.c
	modified:   drivers/scsi/aacraid/src.c
	modified:   drivers/scsi/arcmsr/arcmsr_hba.c
	modified:   drivers/scsi/be2iscsi/be_main.c
	modified:   drivers/scsi/device_handler/scsi_dh_emc.c
	modified:   drivers/scsi/device_handler/scsi_dh_rdac.c
	modified:   drivers/scsi/hosts.c
	modified:   drivers/scsi/ibmvscsi/ibmvfc.c
	modified:   drivers/scsi/ipr.c
	modified:   drivers/scsi/ipr.h
	modified:   drivers/scsi/libfc/fc_fcp.c
	modified:   drivers/scsi/libsas/sas_ata.c
	modified:   drivers/scsi/lpfc/lpfc_init.c
	modified:   drivers/scsi/megaraid/megaraid_sas.h
	modified:   drivers/scsi/megaraid/megaraid_sas_base.c
	modified:   drivers/scsi/megaraid/megaraid_sas_fusion.c
	modified:   drivers/scsi/mpt2sas/mpt2sas_scsih.c
	modified:   drivers/scsi/mpt3sas/mpt3sas_base.h
	modified:   drivers/scsi/mpt3sas/mpt3sas_scsih.c
	modified:   drivers/scsi/mvsas/mv_94xx.c
	modified:   drivers/scsi/mvsas/mv_sas.c
	modified:   drivers/scsi/qla2xxx/qla_attr.c
	modified:   drivers/scsi/qla2xxx/qla_isr.c
	modified:   drivers/scsi/qla2xxx/qla_os.c
	modified:   drivers/scsi/scsi_debug.c
	modified:   drivers/scsi/scsi_error.c
	modified:   drivers/scsi/scsi_lib.c
	modified:   drivers/scsi/scsi_scan.c
	modified:   drivers/scsi/scsi_sysfs.c
	modified:   drivers/scsi/sd.c
	modified:   drivers/scsi/ses.c
	modified:   drivers/scsi/sg.c
	modified:   drivers/scsi/sr.c
	modified:   drivers/scsi/st.c
	modified:   drivers/scsi/storvsc_drv.c
	modified:   drivers/spi/spi-atmel.c
	modified:   drivers/spi/spi-pxa2xx.c
	modified:   drivers/spi/spi-xilinx.c
	modified:   drivers/spi/spi.c
	modified:   drivers/ssb/pci.c
	modified:   drivers/staging/comedi/comedi_fops.c
	modified:   drivers/staging/comedi/drivers/adl_pci7x3x.c
	modified:   drivers/staging/comedi/drivers/daqboard2000.c
	modified:   drivers/staging/iio/accel/sca3000_core.c
	modified:   drivers/staging/iio/adc/ad7606_core.c
	modified:   drivers/staging/iio/adc/lpc32xx_adc.c
	modified:   drivers/staging/iio/impedance-analyzer/ad5933.c
	modified:   drivers/staging/iio/resolver/ad2s1210.c
	modified:   drivers/staging/rtl8712/rtl8712_recv.c
	modified:   drivers/staging/rtl8712/usb_intf.c
	modified:   drivers/staging/speakup/fakekey.c
	modified:   drivers/staging/speakup/selection.c
	modified:   drivers/staging/usbip/usbip_common.c
	modified:   drivers/staging/vt6656/hostap.c
	modified:   drivers/target/iscsi/iscsi_target.c
	modified:   drivers/target/iscsi/iscsi_target_configfs.c
	modified:   drivers/target/iscsi/iscsi_target_core.h
	modified:   drivers/target/iscsi/iscsi_target_erl0.c
	modified:   drivers/target/iscsi/iscsi_target_login.c
	modified:   drivers/target/iscsi/iscsi_target_login.h
	modified:   drivers/target/iscsi/iscsi_target_nego.c
	modified:   drivers/target/iscsi/iscsi_target_parameters.c
	modified:   drivers/target/iscsi/iscsi_target_tpg.c
	modified:   drivers/target/iscsi/iscsi_target_util.c
	modified:   drivers/target/target_core_fabric_configfs.c
	modified:   drivers/target/target_core_pscsi.c
	modified:   drivers/target/target_core_tpg.c
	modified:   drivers/thermal/thermal_core.c
	modified:   drivers/tty/nozomi.c
	modified:   drivers/tty/pty.c
	modified:   drivers/tty/serial/8250/8250_core.c
	modified:   drivers/tty/serial/8250/8250_pci.c
	modified:   drivers/tty/serial/8250/8250_pnp.c
	modified:   drivers/tty/serial/efm32-uart.c
	modified:   drivers/tty/serial/ifx6x60.c
	modified:   drivers/tty/serial/msm_serial.c
	modified:   drivers/tty/serial/samsung.c
	modified:   drivers/tty/sysrq.c
	modified:   drivers/tty/vt/keyboard.c
	modified:   drivers/tty/vt/vt.c
	modified:   drivers/uio/uio_dmem_genirq.c
	modified:   drivers/usb/chipidea/core.c
	modified:   drivers/usb/chipidea/debug.c
	modified:   drivers/usb/chipidea/udc.c
	modified:   drivers/usb/class/cdc-acm.c
	modified:   drivers/usb/class/cdc-acm.h
	modified:   drivers/usb/class/usblp.c
	modified:   drivers/usb/class/usbtmc.c
	modified:   drivers/usb/core/config.c
	modified:   drivers/usb/core/devio.c
	modified:   drivers/usb/core/driver.c
	modified:   drivers/usb/core/hcd-pci.c
	modified:   drivers/usb/dwc3/ep0.c
	modified:   drivers/usb/dwc3/gadget.h
	modified:   drivers/usb/gadget/composite.c
	modified:   drivers/usb/gadget/dummy_hcd.c
	modified:   drivers/usb/gadget/f_acm.c
	modified:   drivers/usb/gadget/fsl_qe_udc.c
	modified:   drivers/usb/gadget/inode.c
	modified:   drivers/usb/gadget/uvc_video.c
	modified:   drivers/usb/host/ehci-sysfs.c
	modified:   drivers/usb/host/ohci-q.c
	modified:   drivers/usb/host/r8a66597-hcd.c
	modified:   drivers/usb/host/uhci-pci.c
	modified:   drivers/usb/host/whci/qset.c
	modified:   drivers/usb/host/xhci-hub.c
	modified:   drivers/usb/host/xhci-mem.c
	modified:   drivers/usb/host/xhci-pci.c
	modified:   drivers/usb/host/xhci.c
	modified:   drivers/usb/host/xhci.h
	modified:   drivers/usb/misc/idmouse.c
	modified:   drivers/usb/misc/iowarrior.c
	modified:   drivers/usb/misc/legousbtower.c
	modified:   drivers/usb/misc/uss720.c
	modified:   drivers/usb/musb/musb_core.c
	modified:   drivers/usb/musb/musb_host.c
	modified:   drivers/usb/musb/musbhsdma.h
	modified:   drivers/usb/renesas_usbhs/common.c
	modified:   drivers/usb/renesas_usbhs/fifo.c
	modified:   drivers/usb/renesas_usbhs/mod.c
	modified:   drivers/usb/renesas_usbhs/mod_gadget.c
	modified:   drivers/usb/renesas_usbhs/pipe.c
	modified:   drivers/usb/renesas_usbhs/pipe.h
	modified:   drivers/usb/serial/ark3116.c
	modified:   drivers/usb/serial/ch341.c
	modified:   drivers/usb/serial/console.c
	modified:   drivers/usb/serial/cp210x.c
	modified:   drivers/usb/serial/cyberjack.c
	modified:   drivers/usb/serial/cypress_m8.c
	modified:   drivers/usb/serial/digi_acceleport.c
	modified:   drivers/usb/serial/ftdi_sio.c
	modified:   drivers/usb/serial/ftdi_sio_ids.h
	modified:   drivers/usb/serial/garmin_gps.c
	modified:   drivers/usb/serial/io_edgeport.c
	modified:   drivers/usb/serial/io_ti.c
	modified:   drivers/usb/serial/ipaq.c
	modified:   drivers/usb/serial/iuu_phoenix.c
	modified:   drivers/usb/serial/keyspan.c
	modified:   drivers/usb/serial/keyspan_pda.c
	modified:   drivers/usb/serial/kl5kusb105.c
	modified:   drivers/usb/serial/kobil_sct.c
	modified:   drivers/usb/serial/mct_u232.c
	modified:   drivers/usb/serial/mos7720.c
	modified:   drivers/usb/serial/mos7840.c
	modified:   drivers/usb/serial/omninet.c
	modified:   drivers/usb/serial/opticon.c
	modified:   drivers/usb/serial/option.c
	modified:   drivers/usb/serial/oti6858.c
	modified:   drivers/usb/serial/pl2303.c
	modified:   drivers/usb/serial/quatech2.c
	modified:   drivers/usb/serial/safe_serial.c
	modified:   drivers/usb/serial/sierra.c
	modified:   drivers/usb/serial/spcp8x5.c
	modified:   drivers/usb/serial/symbolserial.c
	modified:   drivers/usb/serial/ti_usb_3410_5052.c
	modified:   drivers/usb/serial/usb-serial.c
	modified:   drivers/usb/serial/visor.c
	modified:   drivers/usb/serial/whiteheat.c
	modified:   drivers/usb/storage/transport.c
	modified:   drivers/usb/storage/unusual_devs.h
	modified:   drivers/usb/wusbcore/wa-hc.c
	modified:   drivers/uwb/hwa-rc.c
	modified:   drivers/uwb/i1480/dfu/usb.c
	modified:   drivers/vfio/pci/vfio_pci.c
	modified:   drivers/vfio/pci/vfio_pci_intrs.c
	modified:   drivers/vhost/scsi.c
	modified:   drivers/vhost/vhost.c
	modified:   drivers/video/console/fbcon.c
	modified:   drivers/video/da8xx-fb.c
	modified:   drivers/video/efifb.c
	modified:   drivers/video/xen-fbfront.c
	modified:   drivers/virtio/virtio.c
	modified:   drivers/virtio/virtio_balloon.c
	modified:   drivers/vme/bridges/vme_ca91cx42.c
	modified:   drivers/watchdog/omap_wdt.c
	modified:   drivers/watchdog/rc32434_wdt.c
	modified:   drivers/xen/gntdev.c
	modified:   drivers/xen/xen-acpi-processor.c
	modified:   drivers/xen/xen-pciback/conf_space.c
	modified:   drivers/xen/xen-pciback/conf_space.h
	modified:   drivers/xen/xen-pciback/conf_space_header.c
	modified:   drivers/xen/xen-pciback/pciback.h
	modified:   drivers/xen/xen-pciback/pciback_ops.c
	modified:   fs/9p/vfs_inode.c
	modified:   fs/9p/vfs_inode_dotl.c
	modified:   fs/binfmt_elf.c
	modified:   fs/block_dev.c
	modified:   fs/btrfs/backref.c
	modified:   fs/btrfs/delayed-inode.c
	modified:   fs/btrfs/disk-io.c
	modified:   fs/btrfs/extent_io.c
	modified:   fs/btrfs/inode-map.c
	modified:   fs/btrfs/inode.c
	modified:   fs/btrfs/ioctl.c
	modified:   fs/btrfs/send.c
	modified:   fs/btrfs/tree-log.c
	modified:   fs/cifs/cifs_fs_sb.h
	modified:   fs/cifs/cifsencrypt.c
	modified:   fs/cifs/cifsfs.c
	modified:   fs/cifs/cifsglob.h
	modified:   fs/cifs/cifsproto.h
	modified:   fs/cifs/cifssmb.c
	modified:   fs/cifs/connect.c
	modified:   fs/cifs/dir.c
	modified:   fs/cifs/inode.c
	modified:   fs/cifs/sess.c
	modified:   fs/cifs/smb1ops.c
	modified:   fs/cifs/smb2file.c
	modified:   fs/cifs/smb2ops.c
	modified:   fs/cifs/smb2pdu.c
	modified:   fs/cifs/smb2proto.h
	modified:   fs/coredump.c
	modified:   fs/dcache.c
	modified:   fs/devpts/inode.c
	modified:   fs/direct-io.c
	modified:   fs/efivarfs/file.c
	modified:   fs/efivarfs/inode.c
	modified:   fs/efivarfs/internal.h
	modified:   fs/efivarfs/super.c
	modified:   fs/exec.c
	modified:   fs/ext4/ext4.h
	modified:   fs/ext4/extents.c
	modified:   fs/ext4/file.c
	modified:   fs/ext4/ialloc.c
	modified:   fs/ext4/indirect.c
	modified:   fs/ext4/inline.c
	modified:   fs/ext4/inode.c
	modified:   fs/ext4/mballoc.c
	modified:   fs/ext4/migrate.c
	modified:   fs/ext4/move_extent.c
	modified:   fs/ext4/namei.c
	modified:   fs/ext4/resize.c
	modified:   fs/ext4/super.c
	modified:   fs/ext4/xattr.c
	modified:   fs/f2fs/debug.c
	modified:   fs/fat/inode.c
	modified:   fs/fscache/netfs.c
	modified:   fs/fscache/object-list.c
	modified:   fs/fuse/file.c
	modified:   fs/gfs2/dir.c
	modified:   fs/hfs/bnode.c
	modified:   fs/hfs/brec.c
	modified:   fs/hfsplus/bnode.c
	modified:   fs/hostfs/hostfs_kern.c
	modified:   fs/hpfs/namei.c
	modified:   fs/hpfs/super.c
	modified:   fs/hugetlbfs/inode.c
	modified:   fs/isofs/inode.c
	modified:   fs/isofs/rock.c
	modified:   fs/jbd2/checkpoint.c
	modified:   fs/jbd2/journal.c
	modified:   fs/jbd2/transaction.c
	modified:   fs/jffs2/README.Locking
	modified:   fs/jffs2/build.c
	modified:   fs/jffs2/file.c
	modified:   fs/jffs2/gc.c
	modified:   fs/jffs2/nodelist.h
	modified:   fs/lockd/host.c
	modified:   fs/lockd/mon.c
	modified:   fs/lockd/netns.h
	modified:   fs/lockd/svc.c
	modified:   fs/lockd/svc4proc.c
	modified:   fs/lockd/svcproc.c
	modified:   fs/locks.c
	modified:   fs/namei.c
	modified:   fs/nfs/callback.c
	modified:   fs/nfs/callback_xdr.c
	modified:   fs/nfs/dir.c
	modified:   fs/nfs/file.c
	modified:   fs/nfs/inode.c
	modified:   fs/nfs/nfs3xdr.c
	modified:   fs/nfs/nfs4client.c
	modified:   fs/nfs/nfs4filelayoutdev.c
	modified:   fs/nfs/nfs4proc.c
	modified:   fs/nfs/nfs4state.c
	modified:   fs/nfs/nfs4xdr.c
	modified:   fs/nfs/pagelist.c
	modified:   fs/nfsd/nfs4state.c
	modified:   fs/nfsd/nfssvc.c
	modified:   fs/nilfs2/the_nilfs.c
	modified:   fs/ocfs2/dlm/dlmconvert.c
	modified:   fs/ocfs2/dlm/dlmmaster.c
	modified:   fs/ocfs2/dlm/dlmrecovery.c
	modified:   fs/ocfs2/dlmglue.c
	modified:   fs/ocfs2/file.c
	modified:   fs/ocfs2/ioctl.c
	modified:   fs/ocfs2/stackglue.c
	modified:   fs/ocfs2/stackglue.h
	modified:   fs/pipe.c
	modified:   fs/posix_acl.c
	modified:   fs/proc/array.c
	modified:   fs/proc/base.c
	modified:   fs/proc/namespaces.c
	modified:   fs/proc/task_mmu.c
	modified:   fs/proc/task_nommu.c
	modified:   fs/pstore/ram_core.c
	modified:   fs/reiserfs/ibalance.c
	modified:   fs/reiserfs/super.c
	modified:   fs/seq_file.c
	modified:   fs/signalfd.c
	modified:   fs/splice.c
	modified:   fs/super.c
	modified:   fs/sysv/inode.c
	modified:   fs/ubifs/file.c
	modified:   fs/ubifs/tnc.c
	modified:   fs/ubifs/tnc_commit.c
	modified:   fs/ubifs/xattr.c
	modified:   fs/udf/unicode.c
	modified:   fs/xfs/xfs_aops.c
	modified:   fs/xfs/xfs_buf.c
	modified:   fs/xfs/xfs_dquot.c
	modified:   fs/xfs/xfs_inode.c
	modified:   fs/xfs/xfs_log_recover.c
	modified:   fs/xfs/xfs_mount.c
	modified:   fs/xfs/xfs_symlink.c
	modified:   include/acpi/actypes.h
	modified:   include/asm-generic/uaccess.h
	modified:   include/crypto/algapi.h
	modified:   include/crypto/hash.h
	modified:   include/crypto/if_alg.h
	modified:   include/drm/drm_pciids.h
	modified:   include/linux/ata.h
	modified:   include/linux/can/core.h
	modified:   include/linux/can/dev.h
	modified:   include/linux/capability.h
	modified:   include/linux/compiler-gcc.h
	deleted:    include/linux/compiler-gcc3.h
	modified:   include/linux/compiler.h
	modified:   include/linux/console.h
	modified:   include/linux/cred.h
	modified:   include/linux/crypto.h
	modified:   include/linux/devpts_fs.h
	modified:   include/linux/efi.h
	modified:   include/linux/enclosure.h
	modified:   include/linux/filter.h
	modified:   include/linux/i8042.h
	modified:   include/linux/iio/iio.h
	modified:   include/linux/jbd2.h
	modified:   include/linux/jump_label.h
	modified:   include/linux/kernel.h
	modified:   include/linux/key.h
	modified:   include/linux/kvm_host.h
	modified:   include/linux/libata.h
	modified:   include/linux/lockd/lockd.h
	modified:   include/linux/log2.h
	modified:   include/linux/mfd/88pm80x.h
	modified:   include/linux/migrate.h
	modified:   include/linux/mm.h
	modified:   include/linux/mod_devicetable.h
	modified:   include/linux/module.h
	modified:   include/linux/mroute.h
	modified:   include/linux/mroute6.h
	modified:   include/linux/netdevice.h
	modified:   include/linux/netfilter/x_tables.h
	modified:   include/linux/nfs4.h
	modified:   include/linux/nfs_fs.h
	modified:   include/linux/nfs_xdr.h
	modified:   include/linux/pagemap.h
	modified:   include/linux/pci.h
	modified:   include/linux/pci_ids.h
	modified:   include/linux/pipe_fs_i.h
	modified:   include/linux/posix_acl.h
	modified:   include/linux/ptrace.h
	modified:   include/linux/radix-tree.h
	modified:   include/linux/sched.h
	modified:   include/linux/serio.h
	modified:   include/linux/signal.h
	modified:   include/linux/skbuff.h
	modified:   include/linux/stddef.h
	modified:   include/linux/syscalls.h
	modified:   include/linux/tracepoint.h
	modified:   include/linux/types.h
	modified:   include/linux/ucs2_string.h
	modified:   include/linux/usb/ehci_def.h
	modified:   include/linux/usb/quirks.h
	modified:   include/linux/vfio.h
	modified:   include/linux/workqueue.h
	modified:   include/net/af_unix.h
	modified:   include/net/cipso_ipv4.h
	modified:   include/net/inet_common.h
	modified:   include/net/ip.h
	modified:   include/net/ip6_tunnel.h
	modified:   include/net/ipv6.h
	modified:   include/net/iw_handler.h
	modified:   include/net/ndisc.h
	modified:   include/net/netns/sctp.h
	modified:   include/net/scm.h
	modified:   include/net/sctp/sctp.h
	modified:   include/net/sctp/structs.h
	modified:   include/net/sctp/ulpevent.h
	modified:   include/net/sock.h
	modified:   include/net/tcp.h
	new file:   include/rdma/ib.h
	modified:   include/rdma/ib_sa.h
	modified:   include/sound/wm8904.h
	modified:   include/target/target_core_base.h
	modified:   include/trace/events/syscalls.h
	modified:   include/uapi/linux/can.h
	modified:   include/uapi/linux/const.h
	modified:   include/uapi/linux/packet_diag.h
	modified:   include/uapi/linux/usbdevice_fs.h
	modified:   include/xen/interface/io/ring.h
	modified:   include/xen/interface/sched.h
	modified:   ipc/mqueue.c
	modified:   ipc/sem.c
	modified:   ipc/shm.c
	modified:   kernel/events/core.c
	modified:   kernel/extable.c
	modified:   kernel/fork.c
	modified:   kernel/futex.c
	modified:   kernel/futex_compat.c
	modified:   kernel/irq/manage.c
	modified:   kernel/irq/resend.c
	modified:   kernel/kcmp.c
	modified:   kernel/locking/rtmutex.c
	modified:   kernel/module.c
	modified:   kernel/padata.c
	modified:   kernel/panic.c
	modified:   kernel/power/suspend_test.c
	modified:   kernel/printk.c
	modified:   kernel/ptrace.c
	modified:   kernel/rcu/tree_plugin.h
	modified:   kernel/resource.c
	modified:   kernel/sched/sched.h
	modified:   kernel/signal.c
	modified:   kernel/sysctl.c
	modified:   kernel/time/posix-clock.c
	modified:   kernel/time/tick-broadcast.c
	modified:   kernel/timer.c
	modified:   kernel/trace/ring_buffer.c
	modified:   kernel/trace/trace.c
	modified:   kernel/trace/trace.h
	modified:   kernel/trace/trace_branch.c
	modified:   kernel/trace/trace_events.c
	modified:   kernel/trace/trace_events_filter.c
	modified:   kernel/trace/trace_irqsoff.c
	modified:   kernel/workqueue.c
	modified:   lib/bitmap.c
	modified:   lib/cmdline.c
	modified:   lib/devres.c
	modified:   lib/digsig.c
	modified:   lib/dma-debug.c
	modified:   lib/klist.c
	modified:   lib/radix-tree.c
	modified:   lib/ratelimit.c
	modified:   lib/ucs2_string.c
	modified:   mm/filemap.c
	modified:   mm/huge_memory.c
	modified:   mm/hugetlb.c
	modified:   mm/ksm.c
	modified:   mm/memory-failure.c
	modified:   mm/memory_hotplug.c
	modified:   mm/migrate.c
	modified:   mm/mmap.c
	modified:   mm/page_alloc.c
	modified:   mm/process_vm_access.c
	modified:   mm/shmem.c
	modified:   mm/swapfile.c
	modified:   mm/vmpressure.c
	modified:   net/8021q/vlan.c
	modified:   net/9p/client.c
	modified:   net/ax25/af_ax25.c
	modified:   net/batman-adv/send.c
	modified:   net/bluetooth/bnep/core.c
	modified:   net/bluetooth/cmtp/core.c
	modified:   net/bluetooth/hidp/core.c
	modified:   net/bluetooth/l2cap_sock.c
	modified:   net/bridge/br_ioctl.c
	modified:   net/bridge/br_mdb.c
	modified:   net/bridge/br_stp_if.c
	modified:   net/can/af_can.c
	modified:   net/can/af_can.h
	modified:   net/can/bcm.c
	modified:   net/can/gw.c
	modified:   net/can/raw.c
	modified:   net/ceph/messenger.c
	modified:   net/ceph/osdmap.c
	modified:   net/core/datagram.c
	modified:   net/core/dev.c
	modified:   net/core/drop_monitor.c
	modified:   net/core/dst.c
	modified:   net/core/ethtool.c
	modified:   net/core/fib_rules.c
	modified:   net/core/filter.c
	modified:   net/core/neighbour.c
	modified:   net/core/pktgen.c
	modified:   net/core/scm.c
	modified:   net/core/skbuff.c
	modified:   net/core/sock.c
	modified:   net/dccp/ccids/ccid2.c
	modified:   net/dccp/ipv4.c
	modified:   net/dccp/ipv6.c
	modified:   net/dccp/minisocks.c
	modified:   net/dccp/proto.c
	modified:   net/decnet/af_decnet.c
	modified:   net/decnet/dn_route.c
	modified:   net/ieee802154/6lowpan.c
	modified:   net/ipv4/af_inet.c
	modified:   net/ipv4/cipso_ipv4.c
	modified:   net/ipv4/datagram.c
	modified:   net/ipv4/fib_frontend.c
	modified:   net/ipv4/igmp.c
	modified:   net/ipv4/ip_fragment.c
	modified:   net/ipv4/ip_output.c
	modified:   net/ipv4/ip_vti.c
	modified:   net/ipv4/ipmr.c
	modified:   net/ipv4/netfilter/nf_nat_snmp_basic.c
	modified:   net/ipv4/route.c
	modified:   net/ipv4/tcp.c
	modified:   net/ipv4/tcp_cong.c
	modified:   net/ipv4/tcp_ipv4.c
	modified:   net/ipv4/tcp_minisocks.c
	modified:   net/ipv4/tcp_output.c
	modified:   net/ipv4/tcp_timer.c
	modified:   net/ipv4/tcp_yeah.c
	modified:   net/ipv4/udp.c
	modified:   net/ipv6/addrlabel.c
	modified:   net/ipv6/af_inet6.c
	modified:   net/ipv6/anycast.c
	modified:   net/ipv6/datagram.c
	modified:   net/ipv6/exthdrs_core.c
	modified:   net/ipv6/exthdrs_offload.c
	modified:   net/ipv6/ip6_fib.c
	modified:   net/ipv6/ip6_gre.c
	modified:   net/ipv6/ip6_input.c
	modified:   net/ipv6/ip6_offload.c
	modified:   net/ipv6/ip6_output.c
	modified:   net/ipv6/ip6_tunnel.c
	modified:   net/ipv6/ip6mr.c
	modified:   net/ipv6/mcast.c
	modified:   net/ipv6/ndisc.c
	modified:   net/ipv6/netfilter/nf_conntrack_reasm.c
	modified:   net/ipv6/raw.c
	modified:   net/ipv6/reassembly.c
	modified:   net/ipv6/route.c
	modified:   net/ipv6/sit.c
	modified:   net/ipv6/udp.c
	modified:   net/irda/af_irda.c
	modified:   net/irda/iriap.c
	modified:   net/irda/irlmp.c
	modified:   net/irda/irqueue.c
	modified:   net/key/af_key.c
	modified:   net/l2tp/l2tp_core.c
	modified:   net/l2tp/l2tp_core.h
	modified:   net/l2tp/l2tp_debugfs.c
	modified:   net/l2tp/l2tp_ip.c
	modified:   net/l2tp/l2tp_ip6.c
	modified:   net/l2tp/l2tp_netlink.c
	modified:   net/l2tp/l2tp_ppp.c
	modified:   net/llc/af_llc.c
	modified:   net/mac80211/agg-rx.c
	modified:   net/mac80211/cfg.c
	modified:   net/mac80211/debugfs_netdev.c
	modified:   net/mac80211/main.c
	modified:   net/mac80211/mesh.c
	modified:   net/mac80211/mesh_pathtbl.c
	modified:   net/mac80211/mlme.c
	modified:   net/mac80211/pm.c
	modified:   net/mac80211/rc80211_minstrel_ht.c
	modified:   net/mac80211/rx.c
	modified:   net/mac80211/tx.c
	modified:   net/netfilter/ipvs/ip_vs_core.c
	modified:   net/netfilter/ipvs/ip_vs_pe_sip.c
	modified:   net/netfilter/ipvs/ip_vs_proto_tcp.c
	modified:   net/netfilter/ipvs/ip_vs_sync.c
	modified:   net/netfilter/ipvs/ip_vs_xmit.c
	modified:   net/netfilter/nf_conntrack_core.c
	modified:   net/netfilter/nf_conntrack_ecache.c
	modified:   net/netfilter/nf_conntrack_expect.c
	modified:   net/netfilter/nf_conntrack_extend.c
	modified:   net/netfilter/nf_conntrack_netlink.c
	modified:   net/netfilter/nf_log.c
	modified:   net/netfilter/nf_nat_core.c
	modified:   net/netfilter/nfnetlink_cttimeout.c
	modified:   net/netfilter/x_tables.c
	modified:   net/netfilter/xt_TCPMSS.c
	modified:   net/netlabel/netlabel_kapi.c
	modified:   net/netlink/af_netlink.c
	modified:   net/phonet/af_phonet.c
	modified:   net/rds/cong.c
	modified:   net/rds/ib_rdma.c
	modified:   net/rds/info.c
	modified:   net/rds/send.c
	modified:   net/rds/tcp_recv.c
	modified:   net/rfkill/core.c
	modified:   net/rfkill/rfkill-regulator.c
	modified:   net/rxrpc/ar-key.c
	modified:   net/sched/act_api.c
	modified:   net/sched/cls_api.c
	modified:   net/sched/em_meta.c
	modified:   net/sctp/associola.c
	modified:   net/sctp/auth.c
	modified:   net/sctp/ipv6.c
	modified:   net/sctp/protocol.c
	modified:   net/sctp/sm_sideeffect.c
	modified:   net/sctp/sm_statefuns.c
	modified:   net/sctp/socket.c
	modified:   net/sunrpc/auth_gss/gss_rpc_xdr.c
	modified:   net/sunrpc/auth_gss/svcauth_gss.c
	modified:   net/sunrpc/backchannel_rqst.c
	modified:   net/sunrpc/cache.c
	modified:   net/sunrpc/svc.c
	modified:   net/tipc/socket.c
	modified:   net/unix/garbage.c
	modified:   net/vmw_vsock/af_vsock.c
	modified:   net/wireless/core.h
	modified:   net/wireless/nl80211.c
	modified:   net/wireless/wext-core.c
	modified:   net/x25/x25_facilities.c
	modified:   net/xfrm/xfrm_policy.c
	modified:   samples/seccomp/bpf-helper.h
	modified:   scripts/asn1_compiler.c
	modified:   scripts/bloat-o-meter
	modified:   scripts/coccinelle/iterators/use_after_iter.cocci
	modified:   scripts/kconfig/streamline_config.pl
	modified:   scripts/recordmcount.c
	modified:   scripts/recordmcount.h
	modified:   scripts/recordmcount.pl
	modified:   security/apparmor/audit.c
	modified:   security/apparmor/domain.c
	modified:   security/apparmor/file.c
	modified:   security/apparmor/include/match.h
	modified:   security/apparmor/include/policy.h
	modified:   security/apparmor/lsm.c
	modified:   security/apparmor/match.c
	modified:   security/apparmor/path.c
	modified:   security/apparmor/policy.c
	modified:   security/apparmor/policy_unpack.c
	modified:   security/commoncap.c
	modified:   security/integrity/evm/evm_main.c
	modified:   security/keys/encrypted-keys/encrypted.c
	modified:   security/keys/gc.c
	modified:   security/keys/internal.h
	modified:   security/keys/key.c
	modified:   security/keys/keyctl.c
	modified:   security/keys/keyring.c
	modified:   security/keys/proc.c
	modified:   security/keys/process_keys.c
	modified:   security/yama/yama_lsm.c
	modified:   sound/arm/Kconfig
	modified:   sound/core/control.c
	modified:   sound/core/control_compat.c
	modified:   sound/core/hrtimer.c
	modified:   sound/core/oss/pcm_oss.c
	modified:   sound/core/pcm_compat.c
	modified:   sound/core/rawmidi_compat.c
	modified:   sound/core/seq/oss/seq_oss.c
	modified:   sound/core/seq/oss/seq_oss_device.h
	modified:   sound/core/seq/oss/seq_oss_init.c
	modified:   sound/core/seq/oss/seq_oss_synth.c
	modified:   sound/core/seq/seq_clientmgr.c
	modified:   sound/core/seq/seq_compat.c
	modified:   sound/core/seq/seq_fifo.c
	modified:   sound/core/seq/seq_lock.c
	modified:   sound/core/seq/seq_memory.c
	modified:   sound/core/seq/seq_memory.h
	modified:   sound/core/seq/seq_ports.c
	modified:   sound/core/seq/seq_queue.c
	modified:   sound/core/seq/seq_timer.c
	modified:   sound/core/seq/seq_virmidi.c
	modified:   sound/core/timer_compat.c
	modified:   sound/drivers/dummy.c
	modified:   sound/pci/ali5451/ali5451.c
	modified:   sound/pci/au88x0/au88x0_core.c
	modified:   sound/pci/ctxfi/cthw20k1.c
	modified:   sound/pci/ctxfi/cthw20k2.c
	modified:   sound/pci/hda/hda_intel.c
	modified:   sound/pci/hda/patch_cirrus.c
	modified:   sound/pci/hda/patch_realtek.c
	modified:   sound/pci/hda/patch_sigmatel.c
	modified:   sound/pci/intel8x0.c
	modified:   sound/pci/oxygen/oxygen_mixer.c
	modified:   sound/pci/rme96.c
	modified:   sound/pci/rme9652/hdsp.c
	modified:   sound/pci/rme9652/hdspm.c
	modified:   sound/soc/codecs/arizona.c
	modified:   sound/soc/codecs/wm8737.c
	modified:   sound/soc/codecs/wm8903.h
	modified:   sound/soc/codecs/wm8955.c
	modified:   sound/soc/codecs/wm8958-dsp2.c
	modified:   sound/soc/codecs/wm8960.c
	modified:   sound/soc/codecs/wm8962.c
	modified:   sound/soc/codecs/wm8994.c
	modified:   sound/soc/dwc/designware_i2s.c
	modified:   sound/soc/omap/omap-mcpdm.c
	modified:   sound/soc/pxa/Kconfig
	modified:   sound/soc/samsung/s3c-i2s-v2.c
	modified:   sound/soc/samsung/s3c-i2s-v2.h
	modified:   sound/soc/soc-compress.c
	modified:   sound/soc/soc-pcm.c
	modified:   sound/synth/emux/emux_oss.c
	modified:   sound/usb/card.c
	modified:   sound/usb/midi.c
	modified:   sound/usb/mixer.c
	modified:   sound/usb/mixer_maps.c
	modified:   sound/usb/quirks-table.h
	modified:   sound/usb/quirks.c
	modified:   sound/usb/usbaudio.h
	modified:   tools/Makefile
	modified:   tools/lib/traceevent/event-parse.c
	modified:   tools/perf/Documentation/perf-stat.txt
	modified:   tools/perf/builtin-trace.c
	modified:   tools/perf/ui/browser.c
	modified:   tools/perf/util/header.c
	modified:   tools/perf/util/symbol-elf.c
	modified:   tools/perf/util/symbol.c
	modified:   tools/perf/util/trace-event-scripting.c
	modified:   tools/testing/ktest/ktest.pl
	modified:   tools/testing/selftests/efivarfs/efivarfs.sh
	modified:   tools/testing/selftests/efivarfs/open-unlink.c
	modified:   tools/vm/slabinfo.c
	modified:   virt/kvm/async_pf.c
	modified:   virt/kvm/eventfd.c
	modified:   virt/kvm/kvm_main.c

Unmerged paths:
  (use "git add/rm <file>..." as appropriate to mark resolution)
	both modified:   arch/arm/mach-sa1100/generic.c
	both modified:   arch/arm64/kernel/traps.c
	both modified:   arch/arm64/mm/mmap.c
	both modified:   arch/mn10300/Kconfig
	both modified:   arch/x86/mm/mmap.c
	both modified:   crypto/algif_skcipher.c
	both modified:   crypto/blkcipher.c
	both modified:   drivers/base/core.c
	both modified:   drivers/devfreq/devfreq.c
	both modified:   drivers/input/joystick/xpad.c
	both modified:   drivers/media/tuners/tuner-xc2028.c
	both modified:   drivers/media/v4l2-core/v4l2-compat-ioctl32.c
	both modified:   drivers/mfd/pm8921-core.c
	both modified:   drivers/mmc/card/block.c
	both modified:   drivers/mmc/core/core.c
	both modified:   drivers/mmc/host/sdhci.c
	both modified:   drivers/net/usb/cdc_ncm.c
	both modified:   drivers/usb/core/hub.c
	both modified:   drivers/usb/core/quirks.c
	both modified:   drivers/usb/dwc3/gadget.c
	both modified:   drivers/usb/gadget/u_ether.c
	both modified:   drivers/usb/host/xhci-plat.c
	both modified:   drivers/usb/host/xhci-ring.c
	both modified:   drivers/video/fbcmap.c
	both modified:   fs/9p/acl.c
	both modified:   fs/btrfs/acl.c
	both modified:   fs/ext2/acl.c
	both modified:   fs/ext3/acl.c
	both modified:   fs/ext4/acl.c
	both modified:   fs/f2fs/acl.c
	both modified:   fs/fuse/inode.c
	both modified:   fs/generic_acl.c
	both modified:   fs/gfs2/acl.c
	both modified:   fs/jfs/xattr.c
	both modified:   fs/ocfs2/acl.c
	both modified:   fs/reiserfs/xattr_acl.c
	both modified:   fs/ubifs/dir.c
	both modified:   fs/udf/inode.c
	both modified:   fs/xfs/xfs_acl.c
	deleted by them: include/linux/compiler-gcc4.h
	deleted by them: include/linux/compiler-gcc5.h
	both modified:   include/linux/cpu.h
	both modified:   include/net/if_inet6.h
	both modified:   kernel/cpu.c
	both modified:   kernel/irq/proc.c
	both modified:   kernel/sched/core.c
	both modified:   kernel/trace/trace_printk.c
	both modified:   lib/genalloc.c
	both modified:   mm/memory.c
	both modified:   mm/vmscan.c
	both modified:   net/bluetooth/sco.c
	both modified:   net/core/rtnetlink.c
	both modified:   net/ipv4/inet_connection_sock.c
	both modified:   net/ipv4/netfilter/arp_tables.c
	both modified:   net/ipv4/netfilter/ip_tables.c
	both modified:   net/ipv4/ping.c
	both modified:   net/ipv4/tcp_input.c
	both modified:   net/ipv6/addrconf.c
	both modified:   net/ipv6/netfilter/ip6_tables.c
	both modified:   net/ipv6/tcp_ipv6.c
	both modified:   net/packet/af_packet.c
	both modified:   net/socket.c
	both modified:   net/unix/af_unix.c
	both modified:   net/wireless/scan.c
	both modified:   net/xfrm/xfrm_user.c
	both modified:   sound/core/compress_offload.c
	both modified:   sound/core/rawmidi.c
	both modified:   sound/core/timer.c

Untracked files:
  (use "git add <file>..." to include in what will be committed)
	26.log

